2020-07-13 11:34:48,006 INFO o.a.j.u.JMeterUtils: Setting Locale to en_EN
2020-07-13 11:34:48,046 INFO o.a.j.JMeter: Loading user properties from: /Users/josepereira/mybins/apache-jmeter-5.2.1/bin/user.properties
2020-07-13 11:34:48,048 INFO o.a.j.JMeter: Loading system properties from: /Users/josepereira/mybins/apache-jmeter-5.2.1/bin/system.properties
2020-07-13 11:34:48,053 INFO o.a.j.JMeter: Copyright (c) 1998-2019 The Apache Software Foundation
2020-07-13 11:34:48,053 INFO o.a.j.JMeter: Version 5.2.1
2020-07-13 11:34:48,053 INFO o.a.j.JMeter: java.version=1.8.0_202
2020-07-13 11:34:48,053 INFO o.a.j.JMeter: java.vm.name=Java HotSpot(TM) 64-Bit Server VM
2020-07-13 11:34:48,053 INFO o.a.j.JMeter: os.name=Mac OS X
2020-07-13 11:34:48,053 INFO o.a.j.JMeter: os.arch=x86_64
2020-07-13 11:34:48,054 INFO o.a.j.JMeter: os.version=10.15.5
2020-07-13 11:34:48,054 INFO o.a.j.JMeter: file.encoding=UTF-8
2020-07-13 11:34:48,054 INFO o.a.j.JMeter: java.awt.headless=null
2020-07-13 11:34:48,054 INFO o.a.j.JMeter: Max memory     =1073741824
2020-07-13 11:34:48,054 INFO o.a.j.JMeter: Available Processors =4
2020-07-13 11:34:48,062 INFO o.a.j.JMeter: Default Locale=English (EN)
2020-07-13 11:34:48,062 INFO o.a.j.JMeter: JMeter  Locale=English (EN)
2020-07-13 11:34:48,062 INFO o.a.j.JMeter: JMeterHome=/Users/josepereira/mybins/apache-jmeter-5.2.1
2020-07-13 11:34:48,062 INFO o.a.j.JMeter: user.dir  =/Users/josepereira/josepereira/work/git/miei/4/sdb
2020-07-13 11:34:48,062 INFO o.a.j.JMeter: PWD       =/Users/josepereira/josepereira/work/git/miei/4/sdb
2020-07-13 11:34:48,067 INFO o.a.j.JMeter: IP: 192.168.1.48 Name: Joses-Air.setup FullName: joses-air.setup
2020-07-13 11:34:50,585 INFO o.a.j.g.a.LookAndFeelCommand: Installing Darcula LAF
2020-07-13 11:34:50,605 INFO o.a.j.g.a.LookAndFeelCommand: Using look and feel: com.bulenkov.darcula.DarculaLaf [Darcula]
2020-07-13 11:34:50,606 INFO o.a.j.JMeter: Setting LAF to: com.bulenkov.darcula.DarculaLaf
2020-07-13 11:34:50,712 INFO o.a.j.JMeter: Loaded icon properties from org/apache/jmeter/images/icon.properties
2020-07-13 11:34:54,013 INFO o.a.j.p.h.s.HTTPSamplerBase: Parser for text/html is org.apache.jmeter.protocol.http.parser.LagartoBasedHtmlParser
2020-07-13 11:34:54,014 INFO o.a.j.p.h.s.HTTPSamplerBase: Parser for application/xhtml+xml is org.apache.jmeter.protocol.http.parser.LagartoBasedHtmlParser
2020-07-13 11:34:54,014 INFO o.a.j.p.h.s.HTTPSamplerBase: Parser for application/xml is org.apache.jmeter.protocol.http.parser.LagartoBasedHtmlParser
2020-07-13 11:34:54,015 INFO o.a.j.p.h.s.HTTPSamplerBase: Parser for text/xml is org.apache.jmeter.protocol.http.parser.LagartoBasedHtmlParser
2020-07-13 11:34:54,015 INFO o.a.j.p.h.s.HTTPSamplerBase: Parser for text/vnd.wap.wml is org.apache.jmeter.protocol.http.parser.RegexpHTMLParser
2020-07-13 11:34:54,015 INFO o.a.j.p.h.s.HTTPSamplerBase: Parser for text/css is org.apache.jmeter.protocol.http.parser.CssParser
2020-07-13 11:34:54,574 INFO o.a.j.e.KeyToolUtils: keytool found at 'keytool'
2020-07-13 11:34:54,575 INFO o.a.j.p.h.p.ProxyControl: HTTP(S) Test Script Recorder SSL Proxy will use keys that support embedded 3rd party resources in file /Users/josepereira/mybins/apache-jmeter-5.2.1/bin/proxyserver.jks
2020-07-13 11:34:54,839 INFO o.a.j.s.FileServer: Default base='/Users/josepereira/josepereira/work/git/miei/4/sdb'
2020-07-13 11:34:55,550 INFO o.a.j.s.SampleResult: Note: Sample TimeStamps are START times
2020-07-13 11:34:55,550 INFO o.a.j.s.SampleResult: sampleresult.default.encoding is set to ISO-8859-1
2020-07-13 11:34:55,551 INFO o.a.j.s.SampleResult: sampleresult.useNanoTime=true
2020-07-13 11:34:55,551 INFO o.a.j.s.SampleResult: sampleresult.nanoThreadSleep=5000
2020-07-13 11:36:58,794 INFO o.a.j.s.FileServer: Set new base='/Users/josepereira'
2020-07-13 11:36:59,051 INFO o.a.j.s.SaveService: Testplan (JMX) version: 2.2. Testlog (JTL) version: 2.2
2020-07-13 11:36:59,068 INFO o.a.j.s.SaveService: Using SaveService properties file encoding UTF-8
2020-07-13 11:36:59,071 INFO o.a.j.s.SaveService: Using SaveService properties version 5.0
2020-07-13 11:36:59,133 INFO o.a.j.e.StandardJMeterEngine: Running the test!
2020-07-13 11:36:59,135 INFO o.a.j.s.SampleEvent: List of sample_variables: []
2020-07-13 11:36:59,135 INFO o.a.j.s.SampleEvent: List of sample_variables: []
2020-07-13 11:36:59,141 INFO o.a.j.e.u.CompoundVariable: Note: Function class names must contain the string: '.functions.'
2020-07-13 11:36:59,141 INFO o.a.j.e.u.CompoundVariable: Note: Function class names must not contain the string: '.gui.'
2020-07-13 11:36:59,744 INFO o.a.j.g.u.JMeterMenuBar: setRunning(true, *local*)
2020-07-13 11:36:59,983 INFO o.a.j.e.StandardJMeterEngine: Starting ThreadGroup: 1 : Thread Group
2020-07-13 11:36:59,983 INFO o.a.j.e.StandardJMeterEngine: Starting 100 threads for group Thread Group.
2020-07-13 11:36:59,983 INFO o.a.j.e.StandardJMeterEngine: Thread will continue on error
2020-07-13 11:36:59,984 INFO o.a.j.t.ThreadGroup: Starting thread group... number=1 threads=100 ramp-up=0 delayedStart=false
2020-07-13 11:36:59,998 INFO o.a.j.t.JMeterThread: Thread started: Thread Group 1-4
2020-07-13 11:36:59,998 INFO o.a.j.t.JMeterThread: Thread started: Thread Group 1-2
2020-07-13 11:36:59,998 INFO o.a.j.t.JMeterThread: Thread started: Thread Group 1-3
2020-07-13 11:36:59,998 INFO o.a.j.t.JMeterThread: Thread started: Thread Group 1-1
2020-07-13 11:37:00,037 INFO o.a.j.t.JMeterThread: Thread started: Thread Group 1-10
2020-07-13 11:37:00,037 INFO o.a.j.t.JMeterThread: Thread started: Thread Group 1-9
2020-07-13 11:37:00,038 INFO o.a.j.t.JMeterThread: Thread started: Thread Group 1-12
2020-07-13 11:37:00,038 INFO o.a.j.t.JMeterThread: Thread started: Thread Group 1-11
2020-07-13 11:37:00,039 INFO o.a.j.t.JMeterThread: Thread started: Thread Group 1-13
2020-07-13 11:37:00,039 INFO o.a.j.t.JMeterThread: Thread started: Thread Group 1-14
2020-07-13 11:37:00,040 INFO o.a.j.t.JMeterThread: Thread started: Thread Group 1-15
2020-07-13 11:37:00,041 INFO o.a.j.t.JMeterThread: Thread started: Thread Group 1-17
2020-07-13 11:37:00,041 INFO o.a.j.t.JMeterThread: Thread started: Thread Group 1-16
2020-07-13 11:37:00,042 INFO o.a.j.t.JMeterThread: Thread started: Thread Group 1-18
2020-07-13 11:37:00,044 INFO o.a.j.t.JMeterThread: Thread started: Thread Group 1-19
2020-07-13 11:37:00,045 INFO o.a.j.t.JMeterThread: Thread started: Thread Group 1-20
2020-07-13 11:37:00,046 INFO o.a.j.p.h.s.HTTPHCAbstractImpl: Local host = Joses-Air.setup
2020-07-13 11:37:00,046 INFO o.a.j.t.JMeterThread: Thread started: Thread Group 1-21
2020-07-13 11:37:00,049 INFO o.a.j.t.JMeterThread: Thread started: Thread Group 1-6
2020-07-13 11:37:00,049 INFO o.a.j.t.JMeterThread: Thread started: Thread Group 1-5
2020-07-13 11:37:00,051 INFO o.a.j.t.JMeterThread: Thread started: Thread Group 1-7
2020-07-13 11:37:00,053 INFO o.a.j.t.JMeterThread: Thread started: Thread Group 1-8
2020-07-13 11:37:00,057 INFO o.a.j.t.JMeterThread: Thread started: Thread Group 1-22
2020-07-13 11:37:00,066 INFO o.a.j.t.JMeterThread: Thread started: Thread Group 1-23
2020-07-13 11:37:00,069 INFO o.a.j.p.h.s.HTTPHC4Impl: HTTP request retry count = 0
2020-07-13 11:37:00,071 INFO o.a.j.t.JMeterThread: Thread started: Thread Group 1-24
2020-07-13 11:37:00,078 INFO o.a.j.t.JMeterThread: Thread started: Thread Group 1-25
2020-07-13 11:37:00,079 INFO o.a.j.t.JMeterThread: Thread started: Thread Group 1-26
2020-07-13 11:37:00,081 INFO o.a.j.t.JMeterThread: Thread started: Thread Group 1-27
2020-07-13 11:37:00,087 INFO o.a.j.t.JMeterThread: Thread started: Thread Group 1-28
2020-07-13 11:37:00,089 INFO o.a.j.t.JMeterThread: Thread started: Thread Group 1-29
2020-07-13 11:37:00,090 INFO o.a.j.t.JMeterThread: Thread started: Thread Group 1-30
2020-07-13 11:37:00,096 INFO o.a.j.t.JMeterThread: Thread started: Thread Group 1-31
2020-07-13 11:37:00,097 INFO o.a.j.t.JMeterThread: Thread started: Thread Group 1-32
2020-07-13 11:37:00,100 INFO o.a.j.t.JMeterThread: Thread started: Thread Group 1-33
2020-07-13 11:37:00,105 INFO o.a.j.t.JMeterThread: Thread started: Thread Group 1-34
2020-07-13 11:37:00,107 INFO o.a.j.t.JMeterThread: Thread started: Thread Group 1-35
2020-07-13 11:37:00,108 INFO o.a.j.t.JMeterThread: Thread started: Thread Group 1-36
2020-07-13 11:37:00,110 INFO o.a.j.t.JMeterThread: Thread started: Thread Group 1-37
2020-07-13 11:37:00,117 INFO o.a.j.t.JMeterThread: Thread started: Thread Group 1-38
2020-07-13 11:37:00,125 INFO o.a.j.t.JMeterThread: Thread started: Thread Group 1-39
2020-07-13 11:37:00,130 INFO o.a.j.t.JMeterThread: Thread started: Thread Group 1-40
2020-07-13 11:37:00,134 INFO o.a.j.t.JMeterThread: Thread started: Thread Group 1-41
2020-07-13 11:37:00,140 INFO o.a.j.t.JMeterThread: Thread started: Thread Group 1-42
2020-07-13 11:37:00,142 INFO o.a.j.t.JMeterThread: Thread started: Thread Group 1-43
2020-07-13 11:37:00,146 INFO o.a.j.t.JMeterThread: Thread started: Thread Group 1-44
2020-07-13 11:37:00,147 INFO o.a.j.t.JMeterThread: Thread started: Thread Group 1-45
2020-07-13 11:37:00,149 INFO o.a.j.t.JMeterThread: Thread started: Thread Group 1-46
2020-07-13 11:37:00,150 INFO o.a.j.t.JMeterThread: Thread started: Thread Group 1-47
2020-07-13 11:37:00,153 INFO o.a.j.t.JMeterThread: Thread started: Thread Group 1-48
2020-07-13 11:37:00,156 INFO o.a.j.t.JMeterThread: Thread started: Thread Group 1-49
2020-07-13 11:37:00,159 INFO o.a.j.t.JMeterThread: Thread started: Thread Group 1-50
2020-07-13 11:37:00,168 INFO o.a.j.t.JMeterThread: Thread started: Thread Group 1-51
2020-07-13 11:37:00,179 INFO o.a.j.t.JMeterThread: Thread started: Thread Group 1-52
2020-07-13 11:37:00,185 INFO o.a.j.t.JMeterThread: Thread started: Thread Group 1-53
2020-07-13 11:37:00,188 INFO o.a.j.t.JMeterThread: Thread started: Thread Group 1-54
2020-07-13 11:37:00,191 INFO o.a.j.t.JMeterThread: Thread started: Thread Group 1-55
2020-07-13 11:37:00,195 INFO o.a.j.t.JMeterThread: Thread started: Thread Group 1-56
2020-07-13 11:37:00,197 INFO o.a.j.t.JMeterThread: Thread started: Thread Group 1-57
2020-07-13 11:37:00,200 INFO o.a.j.t.JMeterThread: Thread started: Thread Group 1-58
2020-07-13 11:37:00,208 INFO o.a.j.t.JMeterThread: Thread started: Thread Group 1-59
2020-07-13 11:37:00,211 INFO o.a.j.t.JMeterThread: Thread started: Thread Group 1-60
2020-07-13 11:37:00,214 INFO o.a.j.t.JMeterThread: Thread started: Thread Group 1-61
2020-07-13 11:37:00,215 INFO o.a.j.t.JMeterThread: Thread started: Thread Group 1-62
2020-07-13 11:37:00,218 INFO o.a.j.t.JMeterThread: Thread started: Thread Group 1-63
2020-07-13 11:37:00,226 INFO o.a.j.t.JMeterThread: Thread started: Thread Group 1-64
2020-07-13 11:37:00,227 INFO o.a.j.t.JMeterThread: Thread started: Thread Group 1-65
2020-07-13 11:37:00,228 INFO o.a.j.t.JMeterThread: Thread started: Thread Group 1-66
2020-07-13 11:37:00,231 INFO o.a.j.t.JMeterThread: Thread started: Thread Group 1-67
2020-07-13 11:37:00,232 INFO o.a.j.t.JMeterThread: Thread started: Thread Group 1-68
2020-07-13 11:37:00,234 INFO o.a.j.t.JMeterThread: Thread started: Thread Group 1-69
2020-07-13 11:37:00,239 INFO o.a.j.t.JMeterThread: Thread started: Thread Group 1-70
2020-07-13 11:37:00,246 INFO o.a.j.t.JMeterThread: Thread started: Thread Group 1-71
2020-07-13 11:37:00,251 INFO o.a.j.t.JMeterThread: Thread started: Thread Group 1-72
2020-07-13 11:37:00,258 INFO o.a.j.t.JMeterThread: Thread started: Thread Group 1-73
2020-07-13 11:37:00,265 INFO o.a.j.t.JMeterThread: Thread started: Thread Group 1-74
2020-07-13 11:37:00,267 INFO o.a.j.t.JMeterThread: Thread started: Thread Group 1-75
2020-07-13 11:37:00,268 INFO o.a.j.t.JMeterThread: Thread started: Thread Group 1-76
2020-07-13 11:37:00,274 INFO o.a.j.t.JMeterThread: Thread started: Thread Group 1-77
2020-07-13 11:37:00,275 INFO o.a.j.t.JMeterThread: Thread started: Thread Group 1-78
2020-07-13 11:37:00,276 INFO o.a.j.t.JMeterThread: Thread started: Thread Group 1-79
2020-07-13 11:37:00,281 INFO o.a.j.t.JMeterThread: Thread started: Thread Group 1-80
2020-07-13 11:37:00,286 INFO o.a.j.t.JMeterThread: Thread started: Thread Group 1-81
2020-07-13 11:37:00,288 INFO o.a.j.t.JMeterThread: Thread started: Thread Group 1-82
2020-07-13 11:37:00,295 INFO o.a.j.t.JMeterThread: Thread started: Thread Group 1-83
2020-07-13 11:37:00,298 INFO o.a.j.t.JMeterThread: Thread started: Thread Group 1-84
2020-07-13 11:37:00,306 INFO o.a.j.t.JMeterThread: Thread started: Thread Group 1-85
2020-07-13 11:37:00,316 INFO o.a.j.t.JMeterThread: Thread started: Thread Group 1-86
2020-07-13 11:37:00,326 INFO o.a.j.t.JMeterThread: Thread started: Thread Group 1-87
2020-07-13 11:37:00,329 INFO o.a.j.t.JMeterThread: Thread started: Thread Group 1-88
2020-07-13 11:37:00,332 INFO o.a.j.t.JMeterThread: Thread started: Thread Group 1-89
2020-07-13 11:37:00,335 INFO o.a.j.t.JMeterThread: Thread started: Thread Group 1-90
2020-07-13 11:37:00,341 INFO o.a.j.t.JMeterThread: Thread started: Thread Group 1-91
2020-07-13 11:37:00,346 INFO o.a.j.t.JMeterThread: Thread started: Thread Group 1-92
2020-07-13 11:37:00,348 INFO o.a.j.t.JMeterThread: Thread started: Thread Group 1-93
2020-07-13 11:37:00,377 INFO o.a.j.t.JMeterThread: Thread started: Thread Group 1-94
2020-07-13 11:37:00,377 INFO o.a.j.t.JMeterThread: Thread started: Thread Group 1-95
2020-07-13 11:37:00,384 INFO o.a.j.t.JMeterThread: Thread started: Thread Group 1-96
2020-07-13 11:37:00,385 INFO o.a.j.t.JMeterThread: Thread started: Thread Group 1-97
2020-07-13 11:37:00,386 INFO o.a.j.t.JMeterThread: Thread started: Thread Group 1-98
2020-07-13 11:37:00,392 INFO o.a.j.t.JMeterThread: Thread started: Thread Group 1-99
2020-07-13 11:37:00,392 INFO o.a.j.t.JMeterThread: Thread started: Thread Group 1-100
2020-07-13 11:37:00,395 INFO o.a.j.t.ThreadGroup: Started thread group number 1
2020-07-13 11:37:00,395 INFO o.a.j.e.StandardJMeterEngine: All thread groups have been started
2020-07-13 11:40:05,356 INFO o.a.j.g.a.Start: Stopping test
2020-07-13 11:40:05,393 INFO o.a.j.t.JMeterThread: Stopping: Thread Group 1-18
2020-07-13 11:40:05,394 WARN o.a.j.t.JMeterThread: Interrupting: Thread Group 1-18 sampler: HTTP Request
2020-07-13 11:40:05,400 INFO o.a.j.t.JMeterThread: Stopping: Thread Group 1-23
2020-07-13 11:40:05,401 WARN o.a.j.t.JMeterThread: Interrupting: Thread Group 1-23 sampler: HTTP Request
2020-07-13 11:40:05,406 INFO o.a.j.t.JMeterThread: Stopping: Thread Group 1-64
2020-07-13 11:40:05,407 WARN o.a.j.t.JMeterThread: Interrupting: Thread Group 1-64 sampler: HTTP Request
2020-07-13 11:40:05,414 INFO o.a.j.t.JMeterThread: Thread finished: Thread Group 1-18
2020-07-13 11:40:05,414 INFO o.a.j.t.JMeterThread: Stopping: Thread Group 1-78
2020-07-13 11:40:05,417 WARN o.a.j.t.JMeterThread: Interrupting: Thread Group 1-78 sampler: HTTP Request
2020-07-13 11:40:05,417 INFO o.a.j.t.JMeterThread: Thread finished: Thread Group 1-23
2020-07-13 11:40:05,424 INFO o.a.j.t.JMeterThread: Thread finished: Thread Group 1-64
2020-07-13 11:40:05,427 INFO o.a.j.t.JMeterThread: Stopping: Thread Group 1-93
2020-07-13 11:40:05,430 WARN o.a.j.t.JMeterThread: Interrupting: Thread Group 1-93 sampler: HTTP Request
2020-07-13 11:40:05,434 INFO o.a.j.t.JMeterThread: Thread finished: Thread Group 1-78
2020-07-13 11:40:05,451 INFO o.a.j.t.JMeterThread: Stopping: Thread Group 1-58
2020-07-13 11:40:05,452 WARN o.a.j.t.JMeterThread: Interrupting: Thread Group 1-58 sampler: HTTP Request
2020-07-13 11:40:05,458 INFO o.a.j.t.JMeterThread: Thread finished: Thread Group 1-93
2020-07-13 11:40:05,459 INFO o.a.j.t.JMeterThread: Stopping: Thread Group 1-9
2020-07-13 11:40:05,459 WARN o.a.j.t.JMeterThread: Interrupting: Thread Group 1-9 sampler: HTTP Request
2020-07-13 11:40:05,462 INFO o.a.j.t.JMeterThread: Thread finished: Thread Group 1-58
2020-07-13 11:40:05,473 INFO o.a.j.t.JMeterThread: Stopping: Thread Group 1-96
2020-07-13 11:40:05,474 WARN o.a.j.t.JMeterThread: Interrupting: Thread Group 1-96 sampler: HTTP Request
2020-07-13 11:40:05,479 INFO o.a.j.t.JMeterThread: Thread finished: Thread Group 1-9
2020-07-13 11:40:05,482 INFO o.a.j.t.JMeterThread: Stopping: Thread Group 1-66
2020-07-13 11:40:05,482 WARN o.a.j.t.JMeterThread: Interrupting: Thread Group 1-66 sampler: HTTP Request
2020-07-13 11:40:05,487 INFO o.a.j.t.JMeterThread: Thread finished: Thread Group 1-96
2020-07-13 11:40:05,498 INFO o.a.j.t.JMeterThread: Stopping: Thread Group 1-38
2020-07-13 11:40:05,499 WARN o.a.j.t.JMeterThread: Interrupting: Thread Group 1-38 sampler: HTTP Request
2020-07-13 11:40:05,503 INFO o.a.j.t.JMeterThread: Stopping: Thread Group 1-83
2020-07-13 11:40:05,503 WARN o.a.j.t.JMeterThread: Interrupting: Thread Group 1-83 sampler: HTTP Request
2020-07-13 11:40:05,504 INFO o.a.j.t.JMeterThread: Thread finished: Thread Group 1-66
2020-07-13 11:40:05,509 INFO o.a.j.t.JMeterThread: Stopping: Thread Group 1-19
2020-07-13 11:40:05,509 WARN o.a.j.t.JMeterThread: Interrupting: Thread Group 1-19 sampler: HTTP Request
2020-07-13 11:40:05,509 INFO o.a.j.t.JMeterThread: Thread finished: Thread Group 1-38
2020-07-13 11:40:05,514 INFO o.a.j.t.JMeterThread: Stopping: Thread Group 1-39
2020-07-13 11:40:05,514 WARN o.a.j.t.JMeterThread: Interrupting: Thread Group 1-39 sampler: HTTP Request
2020-07-13 11:40:05,514 INFO o.a.j.t.JMeterThread: Thread finished: Thread Group 1-83
2020-07-13 11:40:05,518 INFO o.a.j.t.JMeterThread: Thread finished: Thread Group 1-19
2020-07-13 11:40:05,523 INFO o.a.j.t.JMeterThread: Stopping: Thread Group 1-87
2020-07-13 11:40:05,524 WARN o.a.j.t.JMeterThread: Interrupting: Thread Group 1-87 sampler: HTTP Request
2020-07-13 11:40:05,526 INFO o.a.j.t.JMeterThread: Thread finished: Thread Group 1-39
2020-07-13 11:40:05,533 INFO o.a.j.t.JMeterThread: Stopping: Thread Group 1-24
2020-07-13 11:40:05,535 WARN o.a.j.t.JMeterThread: Interrupting: Thread Group 1-24 sampler: HTTP Request
2020-07-13 11:40:05,535 INFO o.a.j.t.JMeterThread: Thread finished: Thread Group 1-87
2020-07-13 11:40:05,540 INFO o.a.j.t.JMeterThread: Stopping: Thread Group 1-89
2020-07-13 11:40:05,541 WARN o.a.j.t.JMeterThread: Interrupting: Thread Group 1-89 sampler: HTTP Request
2020-07-13 11:40:05,544 INFO o.a.j.t.JMeterThread: Thread finished: Thread Group 1-24
2020-07-13 11:40:05,547 INFO o.a.j.t.JMeterThread: Stopping: Thread Group 1-60
2020-07-13 11:40:05,549 WARN o.a.j.t.JMeterThread: Interrupting: Thread Group 1-60 sampler: HTTP Request
2020-07-13 11:40:05,550 INFO o.a.j.t.JMeterThread: Thread finished: Thread Group 1-89
2020-07-13 11:40:05,557 INFO o.a.j.t.JMeterThread: Stopping: Thread Group 1-97
2020-07-13 11:40:05,558 WARN o.a.j.t.JMeterThread: Interrupting: Thread Group 1-97 sampler: HTTP Request
2020-07-13 11:40:05,563 INFO o.a.j.t.JMeterThread: Stopping: Thread Group 1-48
2020-07-13 11:40:05,563 INFO o.a.j.t.JMeterThread: Thread finished: Thread Group 1-60
2020-07-13 11:40:05,564 WARN o.a.j.t.JMeterThread: Interrupting: Thread Group 1-48 sampler: HTTP Request
2020-07-13 11:40:05,566 INFO o.a.j.t.JMeterThread: Thread finished: Thread Group 1-97
2020-07-13 11:40:05,569 INFO o.a.j.t.JMeterThread: Stopping: Thread Group 1-51
2020-07-13 11:40:05,569 WARN o.a.j.t.JMeterThread: Interrupting: Thread Group 1-51 sampler: HTTP Request
2020-07-13 11:40:05,578 INFO o.a.j.t.JMeterThread: Stopping: Thread Group 1-94
2020-07-13 11:40:05,580 INFO o.a.j.t.JMeterThread: Thread finished: Thread Group 1-48
2020-07-13 11:40:05,580 WARN o.a.j.t.JMeterThread: Interrupting: Thread Group 1-94 sampler: HTTP Request
2020-07-13 11:40:05,580 INFO o.a.j.t.JMeterThread: Stopping: Thread Group 1-27
2020-07-13 11:40:05,584 WARN o.a.j.t.JMeterThread: Interrupting: Thread Group 1-27 sampler: HTTP Request
2020-07-13 11:40:05,585 INFO o.a.j.t.JMeterThread: Stopping: Thread Group 1-36
2020-07-13 11:40:05,587 WARN o.a.j.t.JMeterThread: Interrupting: Thread Group 1-36 sampler: HTTP Request
2020-07-13 11:40:05,587 INFO o.a.j.t.JMeterThread: Thread finished: Thread Group 1-51
2020-07-13 11:40:05,587 INFO o.a.j.t.JMeterThread: Thread finished: Thread Group 1-94
2020-07-13 11:40:05,590 INFO o.a.j.t.JMeterThread: Stopping: Thread Group 1-81
2020-07-13 11:40:05,591 INFO o.a.j.t.JMeterThread: Thread finished: Thread Group 1-27
2020-07-13 11:40:05,592 WARN o.a.j.t.JMeterThread: Interrupting: Thread Group 1-81 sampler: HTTP Request
2020-07-13 11:40:05,592 INFO o.a.j.t.JMeterThread: Stopping: Thread Group 1-98
2020-07-13 11:40:05,592 INFO o.a.j.t.JMeterThread: Thread finished: Thread Group 1-36
2020-07-13 11:40:05,593 WARN o.a.j.t.JMeterThread: Interrupting: Thread Group 1-98 sampler: HTTP Request
2020-07-13 11:40:05,594 INFO o.a.j.t.JMeterThread: Stopping: Thread Group 1-49
2020-07-13 11:40:05,594 INFO o.a.j.t.JMeterThread: Thread finished: Thread Group 1-81
2020-07-13 11:40:05,594 WARN o.a.j.t.JMeterThread: Interrupting: Thread Group 1-49 sampler: HTTP Request
2020-07-13 11:40:05,596 INFO o.a.j.t.JMeterThread: Stopping: Thread Group 1-5
2020-07-13 11:40:05,596 WARN o.a.j.t.JMeterThread: Interrupting: Thread Group 1-5 sampler: HTTP Request
2020-07-13 11:40:05,598 INFO o.a.j.t.JMeterThread: Stopping: Thread Group 1-55
2020-07-13 11:40:05,601 WARN o.a.j.t.JMeterThread: Interrupting: Thread Group 1-55 sampler: HTTP Request
2020-07-13 11:40:05,601 INFO o.a.j.t.JMeterThread: Thread finished: Thread Group 1-49
2020-07-13 11:40:05,601 INFO o.a.j.t.JMeterThread: Thread finished: Thread Group 1-5
2020-07-13 11:40:05,601 INFO o.a.j.t.JMeterThread: Thread finished: Thread Group 1-98
2020-07-13 11:40:05,602 INFO o.a.j.t.JMeterThread: Stopping: Thread Group 1-62
2020-07-13 11:40:05,602 WARN o.a.j.t.JMeterThread: Interrupting: Thread Group 1-62 sampler: HTTP Request
2020-07-13 11:40:05,602 INFO o.a.j.t.JMeterThread: Thread finished: Thread Group 1-55
2020-07-13 11:40:05,602 INFO o.a.j.t.JMeterThread: Stopping: Thread Group 1-4
2020-07-13 11:40:05,602 WARN o.a.j.t.JMeterThread: Interrupting: Thread Group 1-4 sampler: HTTP Request
2020-07-13 11:40:05,603 INFO o.a.j.t.JMeterThread: Thread finished: Thread Group 1-62
2020-07-13 11:40:05,603 INFO o.a.j.t.JMeterThread: Stopping: Thread Group 1-95
2020-07-13 11:40:05,603 WARN o.a.j.t.JMeterThread: Interrupting: Thread Group 1-95 sampler: HTTP Request
2020-07-13 11:40:05,604 INFO o.a.j.t.JMeterThread: Thread finished: Thread Group 1-4
2020-07-13 11:40:05,606 INFO o.a.j.t.JMeterThread: Stopping: Thread Group 1-82
2020-07-13 11:40:05,606 WARN o.a.j.t.JMeterThread: Interrupting: Thread Group 1-82 sampler: HTTP Request
2020-07-13 11:40:05,607 INFO o.a.j.t.JMeterThread: Thread finished: Thread Group 1-95
2020-07-13 11:40:05,607 INFO o.a.j.t.JMeterThread: Stopping: Thread Group 1-10
2020-07-13 11:40:05,608 INFO o.a.j.t.JMeterThread: Thread finished: Thread Group 1-82
2020-07-13 11:40:05,607 WARN o.a.j.t.JMeterThread: Interrupting: Thread Group 1-10 sampler: HTTP Request
2020-07-13 11:40:05,609 INFO o.a.j.t.JMeterThread: Stopping: Thread Group 1-3
2020-07-13 11:40:05,609 WARN o.a.j.t.JMeterThread: Interrupting: Thread Group 1-3 sampler: HTTP Request
2020-07-13 11:40:05,610 INFO o.a.j.t.JMeterThread: Thread finished: Thread Group 1-10
2020-07-13 11:40:05,611 INFO o.a.j.t.JMeterThread: Stopping: Thread Group 1-2
2020-07-13 11:40:05,611 WARN o.a.j.t.JMeterThread: Interrupting: Thread Group 1-2 sampler: HTTP Request
2020-07-13 11:40:05,614 INFO o.a.j.t.JMeterThread: Thread finished: Thread Group 1-3
2020-07-13 11:40:05,614 INFO o.a.j.t.JMeterThread: Stopping: Thread Group 1-40
2020-07-13 11:40:05,614 WARN o.a.j.t.JMeterThread: Interrupting: Thread Group 1-40 sampler: HTTP Request
2020-07-13 11:40:05,615 INFO o.a.j.t.JMeterThread: Thread finished: Thread Group 1-2
2020-07-13 11:40:05,616 INFO o.a.j.t.JMeterThread: Stopping: Thread Group 1-69
2020-07-13 11:40:05,616 WARN o.a.j.t.JMeterThread: Interrupting: Thread Group 1-69 sampler: HTTP Request
2020-07-13 11:40:05,616 INFO o.a.j.t.JMeterThread: Thread finished: Thread Group 1-40
2020-07-13 11:40:05,616 INFO o.a.j.t.JMeterThread: Stopping: Thread Group 1-17
2020-07-13 11:40:05,617 WARN o.a.j.t.JMeterThread: Interrupting: Thread Group 1-17 sampler: HTTP Request
2020-07-13 11:40:05,618 INFO o.a.j.t.JMeterThread: Thread finished: Thread Group 1-69
2020-07-13 11:40:05,619 INFO o.a.j.t.JMeterThread: Stopping: Thread Group 1-68
2020-07-13 11:40:05,619 WARN o.a.j.t.JMeterThread: Interrupting: Thread Group 1-68 sampler: HTTP Request
2020-07-13 11:40:05,620 INFO o.a.j.t.JMeterThread: Thread finished: Thread Group 1-17
2020-07-13 11:40:05,621 INFO o.a.j.t.JMeterThread: Stopping: Thread Group 1-14
2020-07-13 11:40:05,622 WARN o.a.j.t.JMeterThread: Interrupting: Thread Group 1-14 sampler: HTTP Request
2020-07-13 11:40:05,623 INFO o.a.j.t.JMeterThread: Thread finished: Thread Group 1-68
2020-07-13 11:40:05,625 INFO o.a.j.t.JMeterThread: Stopping: Thread Group 1-31
2020-07-13 11:40:05,625 WARN o.a.j.t.JMeterThread: Interrupting: Thread Group 1-31 sampler: HTTP Request
2020-07-13 11:40:05,627 INFO o.a.j.t.JMeterThread: Thread finished: Thread Group 1-14
2020-07-13 11:40:05,627 INFO o.a.j.t.JMeterThread: Stopping: Thread Group 1-41
2020-07-13 11:40:05,628 WARN o.a.j.t.JMeterThread: Interrupting: Thread Group 1-41 sampler: HTTP Request
2020-07-13 11:40:05,632 INFO o.a.j.t.JMeterThread: Stopping: Thread Group 1-84
2020-07-13 11:40:05,632 WARN o.a.j.t.JMeterThread: Interrupting: Thread Group 1-84 sampler: HTTP Request
2020-07-13 11:40:05,633 INFO o.a.j.t.JMeterThread: Thread finished: Thread Group 1-41
2020-07-13 11:40:05,633 INFO o.a.j.t.JMeterThread: Stopping: Thread Group 1-100
2020-07-13 11:40:05,633 WARN o.a.j.t.JMeterThread: Interrupting: Thread Group 1-100 sampler: HTTP Request
2020-07-13 11:40:05,635 INFO o.a.j.t.JMeterThread: Thread finished: Thread Group 1-84
2020-07-13 11:40:05,635 INFO o.a.j.t.JMeterThread: Stopping: Thread Group 1-43
2020-07-13 11:40:05,635 WARN o.a.j.t.JMeterThread: Interrupting: Thread Group 1-43 sampler: HTTP Request
2020-07-13 11:40:05,635 INFO o.a.j.t.JMeterThread: Thread finished: Thread Group 1-100
2020-07-13 11:40:05,636 INFO o.a.j.t.JMeterThread: Stopping: Thread Group 1-46
2020-07-13 11:40:05,636 INFO o.a.j.t.JMeterThread: Thread finished: Thread Group 1-43
2020-07-13 11:40:05,637 WARN o.a.j.t.JMeterThread: Interrupting: Thread Group 1-46 sampler: HTTP Request
2020-07-13 11:40:05,639 INFO o.a.j.t.JMeterThread: Stopping: Thread Group 1-91
2020-07-13 11:40:05,640 WARN o.a.j.t.JMeterThread: Interrupting: Thread Group 1-91 sampler: HTTP Request
2020-07-13 11:40:05,641 INFO o.a.j.t.JMeterThread: Thread finished: Thread Group 1-46
2020-07-13 11:40:05,642 INFO o.a.j.t.JMeterThread: Stopping: Thread Group 1-57
2020-07-13 11:40:05,642 WARN o.a.j.t.JMeterThread: Interrupting: Thread Group 1-57 sampler: HTTP Request
2020-07-13 11:40:05,643 INFO o.a.j.t.JMeterThread: Thread finished: Thread Group 1-91
2020-07-13 11:40:05,646 INFO o.a.j.t.JMeterThread: Stopping: Thread Group 1-44
2020-07-13 11:40:05,646 INFO o.a.j.t.JMeterThread: Thread finished: Thread Group 1-57
2020-07-13 11:40:05,646 WARN o.a.j.t.JMeterThread: Interrupting: Thread Group 1-44 sampler: HTTP Request
2020-07-13 11:40:05,648 INFO o.a.j.t.JMeterThread: Stopping: Thread Group 1-45
2020-07-13 11:40:05,649 WARN o.a.j.t.JMeterThread: Interrupting: Thread Group 1-45 sampler: HTTP Request
2020-07-13 11:40:05,650 INFO o.a.j.t.JMeterThread: Thread finished: Thread Group 1-44
2020-07-13 11:40:05,650 INFO o.a.j.t.JMeterThread: Stopping: Thread Group 1-59
2020-07-13 11:40:05,650 WARN o.a.j.t.JMeterThread: Interrupting: Thread Group 1-59 sampler: HTTP Request
2020-07-13 11:40:05,651 INFO o.a.j.t.JMeterThread: Thread finished: Thread Group 1-45
2020-07-13 11:40:05,653 INFO o.a.j.t.JMeterThread: Stopping: Thread Group 1-92
2020-07-13 11:40:05,655 WARN o.a.j.t.JMeterThread: Interrupting: Thread Group 1-92 sampler: HTTP Request
2020-07-13 11:40:05,655 INFO o.a.j.t.JMeterThread: Thread finished: Thread Group 1-59
2020-07-13 11:40:05,657 INFO o.a.j.t.JMeterThread: Stopping: Thread Group 1-76
2020-07-13 11:40:05,657 WARN o.a.j.t.JMeterThread: Interrupting: Thread Group 1-76 sampler: HTTP Request
2020-07-13 11:40:05,658 INFO o.a.j.t.JMeterThread: Thread finished: Thread Group 1-92
2020-07-13 11:40:05,659 INFO o.a.j.t.JMeterThread: Stopping: Thread Group 1-25
2020-07-13 11:40:05,660 WARN o.a.j.t.JMeterThread: Interrupting: Thread Group 1-25 sampler: HTTP Request
2020-07-13 11:40:05,662 INFO o.a.j.t.JMeterThread: Thread finished: Thread Group 1-76
2020-07-13 11:40:05,662 INFO o.a.j.t.JMeterThread: Stopping: Thread Group 1-90
2020-07-13 11:40:05,663 WARN o.a.j.t.JMeterThread: Interrupting: Thread Group 1-90 sampler: HTTP Request
2020-07-13 11:40:05,663 INFO o.a.j.t.JMeterThread: Thread finished: Thread Group 1-25
2020-07-13 11:40:05,665 INFO o.a.j.t.JMeterThread: Stopping: Thread Group 1-16
2020-07-13 11:40:05,665 WARN o.a.j.t.JMeterThread: Interrupting: Thread Group 1-16 sampler: HTTP Request
2020-07-13 11:40:05,666 INFO o.a.j.t.JMeterThread: Thread finished: Thread Group 1-90
2020-07-13 11:40:05,668 INFO o.a.j.t.JMeterThread: Stopping: Thread Group 1-37
2020-07-13 11:40:05,669 INFO o.a.j.t.JMeterThread: Thread finished: Thread Group 1-16
2020-07-13 11:40:05,669 WARN o.a.j.t.JMeterThread: Interrupting: Thread Group 1-37 sampler: HTTP Request
2020-07-13 11:40:05,672 INFO o.a.j.t.JMeterThread: Stopping: Thread Group 1-53
2020-07-13 11:40:05,673 WARN o.a.j.t.JMeterThread: Interrupting: Thread Group 1-53 sampler: HTTP Request
2020-07-13 11:40:05,673 INFO o.a.j.t.JMeterThread: Thread finished: Thread Group 1-37
2020-07-13 11:40:05,674 INFO o.a.j.t.JMeterThread: Stopping: Thread Group 1-86
2020-07-13 11:40:05,675 INFO o.a.j.t.JMeterThread: Thread finished: Thread Group 1-53
2020-07-13 11:40:05,675 WARN o.a.j.t.JMeterThread: Interrupting: Thread Group 1-86 sampler: HTTP Request
2020-07-13 11:40:05,676 INFO o.a.j.t.JMeterThread: Stopping: Thread Group 1-99
2020-07-13 11:40:05,676 WARN o.a.j.t.JMeterThread: Interrupting: Thread Group 1-99 sampler: HTTP Request
2020-07-13 11:40:05,677 INFO o.a.j.t.JMeterThread: Thread finished: Thread Group 1-86
2020-07-13 11:40:05,677 INFO o.a.j.t.JMeterThread: Stopping: Thread Group 1-34
2020-07-13 11:40:05,677 WARN o.a.j.t.JMeterThread: Interrupting: Thread Group 1-34 sampler: HTTP Request
2020-07-13 11:40:05,677 INFO o.a.j.t.JMeterThread: Thread finished: Thread Group 1-99
2020-07-13 11:40:05,678 INFO o.a.j.t.JMeterThread: Stopping: Thread Group 1-79
2020-07-13 11:40:05,679 WARN o.a.j.t.JMeterThread: Interrupting: Thread Group 1-79 sampler: HTTP Request
2020-07-13 11:40:05,679 INFO o.a.j.t.JMeterThread: Thread finished: Thread Group 1-34
2020-07-13 11:40:05,680 INFO o.a.j.t.JMeterThread: Stopping: Thread Group 1-74
2020-07-13 11:40:05,680 WARN o.a.j.t.JMeterThread: Interrupting: Thread Group 1-74 sampler: HTTP Request
2020-07-13 11:40:05,681 INFO o.a.j.t.JMeterThread: Thread finished: Thread Group 1-79
2020-07-13 11:40:05,681 INFO o.a.j.t.JMeterThread: Stopping: Thread Group 1-12
2020-07-13 11:40:05,682 WARN o.a.j.t.JMeterThread: Interrupting: Thread Group 1-12 sampler: HTTP Request
2020-07-13 11:40:05,682 INFO o.a.j.t.JMeterThread: Thread finished: Thread Group 1-74
2020-07-13 11:40:05,684 INFO o.a.j.t.JMeterThread: Stopping: Thread Group 1-42
2020-07-13 11:40:05,685 INFO o.a.j.t.JMeterThread: Thread finished: Thread Group 1-12
2020-07-13 11:40:05,685 WARN o.a.j.t.JMeterThread: Interrupting: Thread Group 1-42 sampler: HTTP Request
2020-07-13 11:40:05,686 INFO o.a.j.t.JMeterThread: Stopping: Thread Group 1-20
2020-07-13 11:40:05,687 WARN o.a.j.t.JMeterThread: Interrupting: Thread Group 1-20 sampler: HTTP Request
2020-07-13 11:40:05,687 INFO o.a.j.t.JMeterThread: Thread finished: Thread Group 1-42
2020-07-13 11:40:05,692 INFO o.a.j.t.JMeterThread: Thread finished: Thread Group 1-20
2020-07-13 11:40:05,693 INFO o.a.j.t.JMeterThread: Stopping: Thread Group 1-61
2020-07-13 11:40:05,693 WARN o.a.j.t.JMeterThread: Interrupting: Thread Group 1-61 sampler: HTTP Request
2020-07-13 11:40:05,693 INFO o.a.j.t.JMeterThread: Stopping: Thread Group 1-70
2020-07-13 11:40:05,694 WARN o.a.j.t.JMeterThread: Interrupting: Thread Group 1-70 sampler: HTTP Request
2020-07-13 11:40:05,694 INFO o.a.j.t.JMeterThread: Thread finished: Thread Group 1-61
2020-07-13 11:40:05,696 INFO o.a.j.t.JMeterThread: Stopping: Thread Group 1-26
2020-07-13 11:40:05,696 WARN o.a.j.t.JMeterThread: Interrupting: Thread Group 1-26 sampler: HTTP Request
2020-07-13 11:40:05,696 INFO o.a.j.t.JMeterThread: Thread finished: Thread Group 1-70
2020-07-13 11:40:05,699 INFO o.a.j.t.JMeterThread: Stopping: Thread Group 1-30
2020-07-13 11:40:05,699 WARN o.a.j.t.JMeterThread: Interrupting: Thread Group 1-30 sampler: HTTP Request
2020-07-13 11:40:05,700 INFO o.a.j.t.JMeterThread: Thread finished: Thread Group 1-26
2020-07-13 11:40:05,700 INFO o.a.j.t.JMeterThread: Stopping: Thread Group 1-80
2020-07-13 11:40:05,701 WARN o.a.j.t.JMeterThread: Interrupting: Thread Group 1-80 sampler: HTTP Request
2020-07-13 11:40:05,701 INFO o.a.j.t.JMeterThread: Thread finished: Thread Group 1-30
2020-07-13 11:40:05,701 INFO o.a.j.t.JMeterThread: Stopping: Thread Group 1-8
2020-07-13 11:40:05,702 WARN o.a.j.t.JMeterThread: Interrupting: Thread Group 1-8 sampler: HTTP Request
2020-07-13 11:40:05,702 INFO o.a.j.t.JMeterThread: Thread finished: Thread Group 1-80
2020-07-13 11:40:05,702 INFO o.a.j.t.JMeterThread: Stopping: Thread Group 1-47
2020-07-13 11:40:05,703 WARN o.a.j.t.JMeterThread: Interrupting: Thread Group 1-47 sampler: HTTP Request
2020-07-13 11:40:05,703 INFO o.a.j.t.JMeterThread: Thread finished: Thread Group 1-8
2020-07-13 11:40:05,704 INFO o.a.j.t.JMeterThread: Stopping: Thread Group 1-7
2020-07-13 11:40:05,704 WARN o.a.j.t.JMeterThread: Interrupting: Thread Group 1-7 sampler: HTTP Request
2020-07-13 11:40:05,704 INFO o.a.j.t.JMeterThread: Thread finished: Thread Group 1-47
2020-07-13 11:40:05,706 INFO o.a.j.t.JMeterThread: Stopping: Thread Group 1-6
2020-07-13 11:40:05,706 INFO o.a.j.t.JMeterThread: Thread finished: Thread Group 1-7
2020-07-13 11:40:05,706 WARN o.a.j.t.JMeterThread: Interrupting: Thread Group 1-6 sampler: HTTP Request
2020-07-13 11:40:05,707 INFO o.a.j.t.JMeterThread: Stopping: Thread Group 1-88
2020-07-13 11:40:05,707 WARN o.a.j.t.JMeterThread: Interrupting: Thread Group 1-88 sampler: HTTP Request
2020-07-13 11:40:05,707 INFO o.a.j.t.JMeterThread: Thread finished: Thread Group 1-6
2020-07-13 11:40:05,708 INFO o.a.j.t.JMeterThread: Stopping: Thread Group 1-50
2020-07-13 11:40:05,708 INFO o.a.j.t.JMeterThread: Thread finished: Thread Group 1-88
2020-07-13 11:40:05,708 WARN o.a.j.t.JMeterThread: Interrupting: Thread Group 1-50 sampler: HTTP Request
2020-07-13 11:40:05,710 INFO o.a.j.t.JMeterThread: Thread finished: Thread Group 1-50
2020-07-13 11:40:05,709 INFO o.a.j.t.JMeterThread: Stopping: Thread Group 1-77
2020-07-13 11:40:05,710 WARN o.a.j.t.JMeterThread: Interrupting: Thread Group 1-77 sampler: HTTP Request
2020-07-13 11:40:05,711 INFO o.a.j.t.JMeterThread: Stopping: Thread Group 1-32
2020-07-13 11:40:05,711 WARN o.a.j.t.JMeterThread: Interrupting: Thread Group 1-32 sampler: HTTP Request
2020-07-13 11:40:05,711 INFO o.a.j.t.JMeterThread: Thread finished: Thread Group 1-77
2020-07-13 11:40:05,712 INFO o.a.j.t.JMeterThread: Stopping: Thread Group 1-63
2020-07-13 11:40:05,712 WARN o.a.j.t.JMeterThread: Interrupting: Thread Group 1-63 sampler: HTTP Request
2020-07-13 11:40:05,713 INFO o.a.j.t.JMeterThread: Thread finished: Thread Group 1-32
2020-07-13 11:40:05,713 INFO o.a.j.t.JMeterThread: Stopping: Thread Group 1-52
2020-07-13 11:40:05,713 WARN o.a.j.t.JMeterThread: Interrupting: Thread Group 1-52 sampler: HTTP Request
2020-07-13 11:40:05,714 INFO o.a.j.t.JMeterThread: Thread finished: Thread Group 1-63
2020-07-13 11:40:05,714 INFO o.a.j.t.JMeterThread: Stopping: Thread Group 1-22
2020-07-13 11:40:05,714 WARN o.a.j.t.JMeterThread: Interrupting: Thread Group 1-22 sampler: HTTP Request
2020-07-13 11:40:05,715 INFO o.a.j.t.JMeterThread: Thread finished: Thread Group 1-52
2020-07-13 11:40:05,715 INFO o.a.j.t.JMeterThread: Stopping: Thread Group 1-11
2020-07-13 11:40:05,715 WARN o.a.j.t.JMeterThread: Interrupting: Thread Group 1-11 sampler: HTTP Request
2020-07-13 11:40:05,716 INFO o.a.j.t.JMeterThread: Thread finished: Thread Group 1-22
2020-07-13 11:40:05,716 INFO o.a.j.t.JMeterThread: Stopping: Thread Group 1-13
2020-07-13 11:40:05,716 WARN o.a.j.t.JMeterThread: Interrupting: Thread Group 1-13 sampler: HTTP Request
2020-07-13 11:40:05,717 INFO o.a.j.t.JMeterThread: Thread finished: Thread Group 1-11
2020-07-13 11:40:05,717 INFO o.a.j.t.JMeterThread: Stopping: Thread Group 1-71
2020-07-13 11:40:05,717 WARN o.a.j.t.JMeterThread: Interrupting: Thread Group 1-71 sampler: HTTP Request
2020-07-13 11:40:05,718 INFO o.a.j.t.JMeterThread: Thread finished: Thread Group 1-13
2020-07-13 11:40:05,718 INFO o.a.j.t.JMeterThread: Stopping: Thread Group 1-21
2020-07-13 11:40:05,718 WARN o.a.j.t.JMeterThread: Interrupting: Thread Group 1-21 sampler: HTTP Request
2020-07-13 11:40:05,719 INFO o.a.j.t.JMeterThread: Thread finished: Thread Group 1-71
2020-07-13 11:40:05,719 INFO o.a.j.t.JMeterThread: Stopping: Thread Group 1-65
2020-07-13 11:40:05,720 WARN o.a.j.t.JMeterThread: Interrupting: Thread Group 1-65 sampler: HTTP Request
2020-07-13 11:40:05,720 INFO o.a.j.t.JMeterThread: Thread finished: Thread Group 1-21
2020-07-13 11:40:05,721 INFO o.a.j.t.JMeterThread: Stopping: Thread Group 1-73
2020-07-13 11:40:05,721 WARN o.a.j.t.JMeterThread: Interrupting: Thread Group 1-73 sampler: HTTP Request
2020-07-13 11:40:05,721 INFO o.a.j.t.JMeterThread: Thread finished: Thread Group 1-65
2020-07-13 11:40:05,722 INFO o.a.j.t.JMeterThread: Stopping: Thread Group 1-28
2020-07-13 11:40:05,722 WARN o.a.j.t.JMeterThread: Interrupting: Thread Group 1-28 sampler: HTTP Request
2020-07-13 11:40:05,722 INFO o.a.j.t.JMeterThread: Thread finished: Thread Group 1-73
2020-07-13 11:40:05,723 INFO o.a.j.t.JMeterThread: Stopping: Thread Group 1-29
2020-07-13 11:40:05,724 WARN o.a.j.t.JMeterThread: Interrupting: Thread Group 1-29 sampler: HTTP Request
2020-07-13 11:40:05,724 INFO o.a.j.t.JMeterThread: Thread finished: Thread Group 1-28
2020-07-13 11:40:05,724 INFO o.a.j.t.JMeterThread: Stopping: Thread Group 1-15
2020-07-13 11:40:05,725 WARN o.a.j.t.JMeterThread: Interrupting: Thread Group 1-15 sampler: HTTP Request
2020-07-13 11:40:05,725 INFO o.a.j.t.JMeterThread: Thread finished: Thread Group 1-29
2020-07-13 11:40:05,726 INFO o.a.j.t.JMeterThread: Stopping: Thread Group 1-54
2020-07-13 11:40:05,726 WARN o.a.j.t.JMeterThread: Interrupting: Thread Group 1-54 sampler: HTTP Request
2020-07-13 11:40:05,726 INFO o.a.j.t.JMeterThread: Thread finished: Thread Group 1-15
2020-07-13 11:40:05,727 INFO o.a.j.t.JMeterThread: Stopping: Thread Group 1-33
2020-07-13 11:40:05,727 WARN o.a.j.t.JMeterThread: Interrupting: Thread Group 1-33 sampler: HTTP Request
2020-07-13 11:40:05,728 INFO o.a.j.t.JMeterThread: Thread finished: Thread Group 1-54
2020-07-13 11:40:05,729 INFO o.a.j.t.JMeterThread: Stopping: Thread Group 1-1
2020-07-13 11:40:05,729 WARN o.a.j.t.JMeterThread: Interrupting: Thread Group 1-1 sampler: HTTP Request
2020-07-13 11:40:05,730 INFO o.a.j.t.JMeterThread: Thread finished: Thread Group 1-33
2020-07-13 11:40:05,730 INFO o.a.j.t.JMeterThread: Stopping: Thread Group 1-72
2020-07-13 11:40:05,730 WARN o.a.j.t.JMeterThread: Interrupting: Thread Group 1-72 sampler: HTTP Request
2020-07-13 11:40:05,731 INFO o.a.j.t.JMeterThread: Thread finished: Thread Group 1-1
2020-07-13 11:40:05,731 INFO o.a.j.t.JMeterThread: Stopping: Thread Group 1-56
2020-07-13 11:40:05,732 WARN o.a.j.t.JMeterThread: Interrupting: Thread Group 1-56 sampler: HTTP Request
2020-07-13 11:40:05,732 INFO o.a.j.t.JMeterThread: Thread finished: Thread Group 1-72
2020-07-13 11:40:05,734 INFO o.a.j.t.JMeterThread: Thread finished: Thread Group 1-31
2020-07-13 11:40:05,743 INFO o.a.j.t.JMeterThread: Thread finished: Thread Group 1-56
2020-07-13 11:40:05,747 INFO o.a.j.t.JMeterThread: Stopping: Thread Group 1-85
2020-07-13 11:40:05,749 WARN o.a.j.t.JMeterThread: Interrupting: Thread Group 1-85 sampler: HTTP Request
2020-07-13 11:40:05,751 INFO o.a.j.t.JMeterThread: Stopping: Thread Group 1-67
2020-07-13 11:40:05,751 WARN o.a.j.t.JMeterThread: Interrupting: Thread Group 1-67 sampler: HTTP Request
2020-07-13 11:40:05,751 INFO o.a.j.t.JMeterThread: Thread finished: Thread Group 1-85
2020-07-13 11:40:05,758 INFO o.a.j.t.JMeterThread: Thread finished: Thread Group 1-67
2020-07-13 11:40:05,762 INFO o.a.j.t.JMeterThread: Stopping: Thread Group 1-75
2020-07-13 11:40:05,763 WARN o.a.j.t.JMeterThread: Interrupting: Thread Group 1-75 sampler: HTTP Request
2020-07-13 11:40:05,764 INFO o.a.j.t.JMeterThread: Thread finished: Thread Group 1-75
2020-07-13 11:40:05,764 INFO o.a.j.t.JMeterThread: Stopping: Thread Group 1-35
2020-07-13 11:40:05,771 WARN o.a.j.t.JMeterThread: Interrupting: Thread Group 1-35 sampler: HTTP Request
2020-07-13 11:40:05,773 INFO o.a.j.t.JMeterThread: Thread finished: Thread Group 1-35
2020-07-13 11:40:05,773 INFO o.a.j.e.StandardJMeterEngine: Notifying test listeners of end of test
2020-07-13 11:40:05,774 INFO o.a.j.g.u.JMeterMenuBar: setRunning(false, *local*)
