[27 Fev 2020 15:00:04] Building database metadata model
[27 Fev 2020 15:00:04] Properties: {partialRefresh=false, processColumnsUsingSelect=, includePrimaryKeys=true, eventSocketClient=com.webratio.commons.net.EventSocketClient@5d5bdc50, includeTables=true, username=root, outputLogPath=/Users/jacome/Google Drive (jacomeum@gmail.com)/aulas/1920/EW/webratioprojs/WE101/.Temp~/DB.xml.log, readIndexes=null, driverClass=com.mysql.jdbc.Driver, includeSynonyms=true, metaDataProviderClass=com.webratio.commons.db.metadata.MySQLMetaDataProvider, outputPath=/Users/jacome/Google Drive (jacomeum@gmail.com)/aulas/1920/EW/webratioprojs/WE101/.Temp~/DB.xml, schemaRegex=null, readProcedures=null, includeViews=true, derby.system.home=/Users/jacome/Google Drive (jacomeum@gmail.com)/aulas/1920/EW/webratioprojs/.metadata/.plugins/com.webratio.commons.db/derby, url=jdbc:mysql://localhost:3306/we11920, tableRegex=null, readSQLDefinitions=true, includeForeignKeys=true, retrieveAllNames=false, tablesToRefresh=, eventSocketPort=58850}
[27 Fev 2020 15:00:04] URL: jdbc:mysql://localhost:3306/we11920
[27 Fev 2020 15:00:04] Product name: MySQL
[27 Fev 2020 15:00:04] Product version: 5.7.19
[27 Fev 2020 15:00:04] Driver name: MySQL Connector Java
[27 Fev 2020 15:00:04] Driver version: mysql-connector-java-5.1.31 ( Revision: alexander.soklakov@oracle.com-20140520065950-groqzzbvxprqdmnz )
[27 Fev 2020 15:00:04] Driver major version: 5
[27 Fev 2020 15:00:04] Driver minor version: 1
[27 Fev 2020 15:00:04] Identifier quote string: 1
[27 Fev 2020 15:00:04] Retrieving schemas
[27 Fev 2020 15:00:04] Retrieving [TABLE, VIEW, SYNONYM] for schema ''
[27 Fev 2020 15:00:04]   Found 'group' [type = TABLE]
[27 Fev 2020 15:00:04]   Found 'group_module' [type = TABLE]
[27 Fev 2020 15:00:04]   Found 'module' [type = TABLE]
[27 Fev 2020 15:00:04]   Found 'student' [type = TABLE]
[27 Fev 2020 15:00:04]   Found 'teacher' [type = TABLE]
[27 Fev 2020 15:00:04]   Found 'user' [type = TABLE]
[27 Fev 2020 15:00:04]   Found 'user_group' [type = TABLE]
[27 Fev 2020 15:00:04] Retrieving columns for 'group' [type = TABLE]
[27 Fev 2020 15:00:04]   Found column: oid [type = INT][SQL/XOPEN type = 4][size = 10][dec. digits = 0]
[27 Fev 2020 15:00:04]   Found column: groupname [type = VARCHAR][SQL/XOPEN type = 12][size = 255][dec. digits = 0]
[27 Fev 2020 15:00:04]   Found column: module_oid [type = INT][SQL/XOPEN type = 4][size = 10][dec. digits = 0]
[27 Fev 2020 15:00:04] Retrieving primary keys for 'group' [type = TABLE]
[27 Fev 2020 15:00:04]   Found primary key column: oid
[27 Fev 2020 15:00:04] Retrieving columns for 'group_module' [type = TABLE]
[27 Fev 2020 15:00:04]   Found column: group_oid [type = INT][SQL/XOPEN type = 4][size = 10][dec. digits = 0]
[27 Fev 2020 15:00:04]   Found column: module_oid [type = INT][SQL/XOPEN type = 4][size = 10][dec. digits = 0]
[27 Fev 2020 15:00:04] Retrieving primary keys for 'group_module' [type = TABLE]
[27 Fev 2020 15:00:04]   Found primary key column: group_oid
[27 Fev 2020 15:00:04]   Found primary key column: module_oid
[27 Fev 2020 15:00:04] Retrieving columns for 'module' [type = TABLE]
[27 Fev 2020 15:00:04]   Found column: oid [type = INT][SQL/XOPEN type = 4][size = 10][dec. digits = 0]
[27 Fev 2020 15:00:04]   Found column: moduleid [type = VARCHAR][SQL/XOPEN type = 12][size = 255][dec. digits = 0]
[27 Fev 2020 15:00:04]   Found column: modulename [type = VARCHAR][SQL/XOPEN type = 12][size = 255][dec. digits = 0]
[27 Fev 2020 15:00:04] Retrieving primary keys for 'module' [type = TABLE]
[27 Fev 2020 15:00:04]   Found primary key column: oid
[27 Fev 2020 15:00:04] Retrieving columns for 'student' [type = TABLE]
[27 Fev 2020 15:00:04]   Found column: oid [type = INT][SQL/XOPEN type = 4][size = 10][dec. digits = 0]
[27 Fev 2020 15:00:04]   Found column: number [type = VARCHAR][SQL/XOPEN type = 12][size = 255][dec. digits = 0]
[27 Fev 2020 15:00:04]   Found column: user_oid [type = INT][SQL/XOPEN type = 4][size = 10][dec. digits = 0]
[27 Fev 2020 15:00:04]   Found column: name [type = VARCHAR][SQL/XOPEN type = 12][size = 255][dec. digits = 0]
[27 Fev 2020 15:00:04] Retrieving primary keys for 'student' [type = TABLE]
[27 Fev 2020 15:00:04]   Found primary key column: oid
[27 Fev 2020 15:00:04] Retrieving columns for 'teacher' [type = TABLE]
[27 Fev 2020 15:00:04]   Found column: oid [type = INT][SQL/XOPEN type = 4][size = 10][dec. digits = 0]
[27 Fev 2020 15:00:04]   Found column: name [type = VARCHAR][SQL/XOPEN type = 12][size = 255][dec. digits = 0]
[27 Fev 2020 15:00:04]   Found column: user_oid [type = INT][SQL/XOPEN type = 4][size = 10][dec. digits = 0]
[27 Fev 2020 15:00:04] Retrieving primary keys for 'teacher' [type = TABLE]
[27 Fev 2020 15:00:04]   Found primary key column: oid
[27 Fev 2020 15:00:04] Retrieving columns for 'user' [type = TABLE]
[27 Fev 2020 15:00:04]   Found column: oid [type = INT][SQL/XOPEN type = 4][size = 10][dec. digits = 0]
[27 Fev 2020 15:00:04]   Found column: username [type = VARCHAR][SQL/XOPEN type = 12][size = 255][dec. digits = 0]
[27 Fev 2020 15:00:04]   Found column: password [type = VARCHAR][SQL/XOPEN type = 12][size = 255][dec. digits = 0]
[27 Fev 2020 15:00:04]   Found column: email [type = VARCHAR][SQL/XOPEN type = 12][size = 255][dec. digits = 0]
[27 Fev 2020 15:00:04]   Found column: name [type = VARCHAR][SQL/XOPEN type = 12][size = 255][dec. digits = 0]
[27 Fev 2020 15:00:04]   Found column: group_oid [type = INT][SQL/XOPEN type = 4][size = 10][dec. digits = 0]
[27 Fev 2020 15:00:04] Retrieving primary keys for 'user' [type = TABLE]
[27 Fev 2020 15:00:04]   Found primary key column: oid
[27 Fev 2020 15:00:04] Retrieving columns for 'user_group' [type = TABLE]
[27 Fev 2020 15:00:04]   Found column: user_oid [type = INT][SQL/XOPEN type = 4][size = 10][dec. digits = 0]
[27 Fev 2020 15:00:04]   Found column: group_oid [type = INT][SQL/XOPEN type = 4][size = 10][dec. digits = 0]
[27 Fev 2020 15:00:04] Retrieving primary keys for 'user_group' [type = TABLE]
[27 Fev 2020 15:00:04]   Found primary key column: user_oid
[27 Fev 2020 15:00:04]   Found primary key column: group_oid
[27 Fev 2020 15:00:04] Retrieving foreign keys for 'group' [type = TABLE]
[27 Fev 2020 15:00:04]   Found foreign key: column module_oid references module(oid)
[27 Fev 2020 15:00:04] Retrieving foreign keys for 'group_module' [type = TABLE]
[27 Fev 2020 15:00:04]   Found foreign key: column group_oid references group(oid)
[27 Fev 2020 15:00:04]   Found foreign key: column module_oid references module(oid)
[27 Fev 2020 15:00:04] Retrieving foreign keys for 'module' [type = TABLE]
[27 Fev 2020 15:00:04] Retrieving foreign keys for 'student' [type = TABLE]
[27 Fev 2020 15:00:04]   Found foreign key: column user_oid references user(oid)
[27 Fev 2020 15:00:04] Retrieving foreign keys for 'teacher' [type = TABLE]
[27 Fev 2020 15:00:04]   Found foreign key: column user_oid references user(oid)
[27 Fev 2020 15:00:04] Retrieving foreign keys for 'user' [type = TABLE]
[27 Fev 2020 15:00:04]   Found foreign key: column group_oid references group(oid)
[27 Fev 2020 15:00:04] Retrieving foreign keys for 'user_group' [type = TABLE]
[27 Fev 2020 15:00:04]   Found foreign key: column group_oid references group(oid)
[27 Fev 2020 15:00:04]   Found foreign key: column user_oid references user(oid)
[27 Fev 2020 15:00:04] Database metadata retrieved (74 ms)
[27 Fev 2020 15:00:04] Retrieving auto-increment columns for 'group' [type = TABLE]
[27 Fev 2020 15:00:04] Retrieving auto-increment columns for 'group_module' [type = TABLE]
[27 Fev 2020 15:00:04] Retrieving auto-increment columns for 'module' [type = TABLE]
[27 Fev 2020 15:00:04] Retrieving auto-increment columns for 'student' [type = TABLE]
[27 Fev 2020 15:00:04] Retrieving auto-increment columns for 'teacher' [type = TABLE]
[27 Fev 2020 15:00:04] Retrieving auto-increment columns for 'user' [type = TABLE]
[27 Fev 2020 15:00:04] Retrieving auto-increment columns for 'user_group' [type = TABLE]
[27 Fev 2020 15:00:04] Database connection closed
