[15 Apr 2020 13:58:23] Building database metadata model
[15 Apr 2020 13:58:23] Properties: {partialRefresh=false, processColumnsUsingSelect=, includePrimaryKeys=true, eventSocketClient=com.webratio.commons.net.EventSocketClient@39dd3812, includeTables=true, username=root, outputLogPath=/Users/josepereira/josepereira/work/git/miei/4/ew/crm/.Temp~/DB.xml.log, readIndexes=null, driverClass=com.mysql.jdbc.Driver, includeSynonyms=true, metaDataProviderClass=com.webratio.commons.db.metadata.MySQLMetaDataProvider, outputPath=/Users/josepereira/josepereira/work/git/miei/4/ew/crm/.Temp~/DB.xml, schemaRegex=null, readProcedures=null, includeViews=true, derby.system.home=/Users/josepereira/WebRatioWorkspace/.metadata/.plugins/com.webratio.commons.db/derby, url=jdbc:mysql://localhost:3306/crm, tableRegex=null, readSQLDefinitions=true, includeForeignKeys=false, retrieveAllNames=false, tablesToRefresh=, eventSocketPort=57186}
[15 Apr 2020 13:58:23] URL: jdbc:mysql://localhost:3306/crm
[15 Apr 2020 13:58:23] Product name: MySQL
[15 Apr 2020 13:58:23] Product version: 5.7.29
[15 Apr 2020 13:58:23] Driver name: MySQL Connector Java
[15 Apr 2020 13:58:23] Driver version: mysql-connector-java-5.1.31 ( Revision: alexander.soklakov@oracle.com-20140520065950-groqzzbvxprqdmnz )
[15 Apr 2020 13:58:23] Driver major version: 5
[15 Apr 2020 13:58:23] Driver minor version: 1
[15 Apr 2020 13:58:23] Identifier quote string: 1
[15 Apr 2020 13:58:23] Retrieving schemas
[15 Apr 2020 13:58:23] Retrieving [TABLE, VIEW, SYNONYM] for schema ''
[15 Apr 2020 13:58:23]   Found 'carro' [type = TABLE]
[15 Apr 2020 13:58:23]   Found 'group' [type = TABLE]
[15 Apr 2020 13:58:23]   Found 'group_module' [type = TABLE]
[15 Apr 2020 13:58:23]   Found 'module' [type = TABLE]
[15 Apr 2020 13:58:23]   Found 'user' [type = TABLE]
[15 Apr 2020 13:58:23]   Found 'user_group' [type = TABLE]
[15 Apr 2020 13:58:23] Retrieving columns for 'carro' [type = TABLE]
[15 Apr 2020 13:58:23]   Found column: oid [type = INT][SQL/XOPEN type = 4][size = 10][dec. digits = 0]
[15 Apr 2020 13:58:23]   Found column: marca [type = VARCHAR][SQL/XOPEN type = 12][size = 255][dec. digits = 0]
[15 Apr 2020 13:58:23] Retrieving primary keys for 'carro' [type = TABLE]
[15 Apr 2020 13:58:23]   Found primary key column: oid
[15 Apr 2020 13:58:23] Retrieving columns for 'group' [type = TABLE]
[15 Apr 2020 13:58:23]   Found column: oid [type = INT][SQL/XOPEN type = 4][size = 10][dec. digits = 0]
[15 Apr 2020 13:58:23]   Found column: groupname [type = VARCHAR][SQL/XOPEN type = 12][size = 255][dec. digits = 0]
[15 Apr 2020 13:58:23]   Found column: module_oid [type = INT][SQL/XOPEN type = 4][size = 10][dec. digits = 0]
[15 Apr 2020 13:58:23] Retrieving primary keys for 'group' [type = TABLE]
[15 Apr 2020 13:58:23]   Found primary key column: oid
[15 Apr 2020 13:58:23] Retrieving columns for 'group_module' [type = TABLE]
[15 Apr 2020 13:58:23]   Found column: group_oid [type = INT][SQL/XOPEN type = 4][size = 10][dec. digits = 0]
[15 Apr 2020 13:58:23]   Found column: module_oid [type = INT][SQL/XOPEN type = 4][size = 10][dec. digits = 0]
[15 Apr 2020 13:58:23] Retrieving primary keys for 'group_module' [type = TABLE]
[15 Apr 2020 13:58:23]   Found primary key column: group_oid
[15 Apr 2020 13:58:23]   Found primary key column: module_oid
[15 Apr 2020 13:58:23] Retrieving columns for 'module' [type = TABLE]
[15 Apr 2020 13:58:23]   Found column: oid [type = INT][SQL/XOPEN type = 4][size = 10][dec. digits = 0]
[15 Apr 2020 13:58:23]   Found column: moduleid [type = VARCHAR][SQL/XOPEN type = 12][size = 255][dec. digits = 0]
[15 Apr 2020 13:58:23]   Found column: modulename [type = VARCHAR][SQL/XOPEN type = 12][size = 255][dec. digits = 0]
[15 Apr 2020 13:58:23] Retrieving primary keys for 'module' [type = TABLE]
[15 Apr 2020 13:58:23]   Found primary key column: oid
[15 Apr 2020 13:58:23] Retrieving columns for 'user' [type = TABLE]
[15 Apr 2020 13:58:23]   Found column: oid [type = INT][SQL/XOPEN type = 4][size = 10][dec. digits = 0]
[15 Apr 2020 13:58:23]   Found column: username [type = VARCHAR][SQL/XOPEN type = 12][size = 255][dec. digits = 0]
[15 Apr 2020 13:58:23]   Found column: password [type = VARCHAR][SQL/XOPEN type = 12][size = 255][dec. digits = 0]
[15 Apr 2020 13:58:23]   Found column: email [type = VARCHAR][SQL/XOPEN type = 12][size = 255][dec. digits = 0]
[15 Apr 2020 13:58:23]   Found column: group_oid [type = INT][SQL/XOPEN type = 4][size = 10][dec. digits = 0]
[15 Apr 2020 13:58:23] Retrieving primary keys for 'user' [type = TABLE]
[15 Apr 2020 13:58:23]   Found primary key column: oid
[15 Apr 2020 13:58:23] Retrieving columns for 'user_group' [type = TABLE]
[15 Apr 2020 13:58:23]   Found column: user_oid [type = INT][SQL/XOPEN type = 4][size = 10][dec. digits = 0]
[15 Apr 2020 13:58:23]   Found column: group_oid [type = INT][SQL/XOPEN type = 4][size = 10][dec. digits = 0]
[15 Apr 2020 13:58:23] Retrieving primary keys for 'user_group' [type = TABLE]
[15 Apr 2020 13:58:23]   Found primary key column: user_oid
[15 Apr 2020 13:58:23]   Found primary key column: group_oid
[15 Apr 2020 13:58:23] Database metadata retrieved (75 ms)
[15 Apr 2020 13:58:23] Retrieving auto-increment columns for 'carro' [type = TABLE]
[15 Apr 2020 13:58:23] Retrieving auto-increment columns for 'group' [type = TABLE]
[15 Apr 2020 13:58:23] Retrieving auto-increment columns for 'group_module' [type = TABLE]
[15 Apr 2020 13:58:23] Retrieving auto-increment columns for 'module' [type = TABLE]
[15 Apr 2020 13:58:23] Retrieving auto-increment columns for 'user' [type = TABLE]
[15 Apr 2020 13:58:23] Retrieving auto-increment columns for 'user_group' [type = TABLE]
[15 Apr 2020 13:58:23] Database connection closed
